<?xml version="1.0" encoding="UTF-8"?>
<!-- Generated by org.testng.reporters.JUnitReportReporter -->
<testsuite hostname="DESKTOP-1RHU1NU" failures="0" tests="1" name="com.rmg.projecttest.SampleProjectTest" time="3.050" errors="0" timestamp="12 Nov 2021 07:50:38 GMT" skipped="0">
  <testcase classname="com.rmg.projecttest.SampleProjectTest" name="getALLProjectTest" time="3.050"/>
</testsuite> <!-- com.rmg.projecttest.SampleProjectTest -->
